<?xml version="1.0" encoding="UTF-8"?>
<!-- Generated by org.testng.reporters.JUnitXMLReporter -->
<testsuite ignored="4" hostname="Khosruz" failures="0" tests="1" name="Default test" time="9.51" errors="0" timestamp="2023-10-24T22:59:52 EDT">
  <testcase classname="com.Tests.LoginPageTest" name="displayNameTest" time="0.518"/>
  <testcase classname="com.Tests.LoginPageTest" name="loginTestInvalidCredentials" time="0.0">
    <ignored/>
  </testcase> <!-- loginTestInvalidCredentials -->
  <testcase classname="com.Tests.LoginPageTest" name="pageTitleTest" time="0.0">
    <ignored/>
  </testcase> <!-- pageTitleTest -->
  <testcase classname="com.Tests.LoginPageTest" name="logOutTest" time="0.0">
    <ignored/>
  </testcase> <!-- logOutTest -->
  <testcase classname="com.Tests.LoginPageTest" name="loginTestWithValidCredentials" time="0.0">
    <ignored/>
  </testcase> <!-- loginTestWithValidCredentials -->
</testsuite> <!-- Default test -->
