<?xml version="1.0" encoding="UTF-8"?>
<!-- Generated by org.testng.reporters.JUnitXMLReporter -->
<testsuite ignored="0" hostname="Khosruz" failures="0" tests="5" name="Default test" time="36.717" errors="0" timestamp="2023-10-19T22:08:54 EDT">
  <testcase classname="com.Tests.HomePageTest" name="homeButtonTest" time="0.155"/>
  <testcase classname="com.Tests.HomePageTest" name="homePageText" time="0.043"/>
  <testcase classname="com.Tests.HomePageTest" name="loginButtonTest" time="0.038"/>
  <testcase classname="com.Tests.HomePageTest" name="orderButtonTest" time="0.096"/>
  <testcase classname="com.Tests.HomePageTest" name="pageTitleTest" time="0.02"/>
</testsuite> <!-- Default test -->
