<?xml version="1.0" encoding="UTF-8"?>
<!-- Generated by org.testng.reporters.JUnitXMLReporter -->
<testsuite ignored="0" hostname="Khosruz" failures="0" tests="6" name="Test" time="19.501" errors="0" timestamp="2023-10-18T13:08:05 EDT">
  <testcase classname="com.Tests.LoginPageTest" name="pageTitleTest" time="0.075"/>
  <testcase classname="com.Tests.LoginPageTest" name="loginTest" time="0.276"/>
  <testcase classname="com.Tests.LoginPageTest" name="displayNameTest" time="1.597"/>
  <testcase classname="com.Tests.DeshBoardHomeTest" name="pageTitleTest" time="0.009"/>
  <testcase classname="com.Tests.DeshBoardHomeTest" name="salseDataTest" time="2.011"/>
  <testcase classname="com.Tests.DeshBoardHomeTest" name="salseDataTest" time="2.007"/>
</testsuite> <!-- Test -->
