<?xml version="1.0" encoding="UTF-8"?>
<!-- Generated by org.testng.reporters.JUnitXMLReporter -->
<testsuite ignored="0" hostname="Khosruzs-MacBook-Pro.local" failures="0" tests="6" name="Desh Board Order Test" time="0.735" errors="0" timestamp="2024-12-10T15:52:17 EST">
  <testcase classname="com.Tests.DeshBoardOrderTest" name="pageTitleTest" time="0.0">
    <skipped/>
  </testcase> <!-- pageTitleTest -->
  <testcase classname="com.Tests.DeshBoardOrderTest" name="orderManueTest" time="0.0">
    <skipped/>
  </testcase> <!-- orderManueTest -->
  <testcase classname="com.Tests.DeshBoardOrderTest" name="heasdSelectionTest" time="0.0">
    <skipped/>
  </testcase> <!-- heasdSelectionTest -->
  <testcase classname="com.Tests.DeshBoardOrderTest" name="bodySelectionTest" time="0.0">
    <skipped/>
  </testcase> <!-- bodySelectionTest -->
  <testcase classname="com.Tests.DeshBoardOrderTest" name="legsSelectionTest" time="0.0">
    <skipped/>
  </testcase> <!-- legsSelectionTest -->
  <testcase classname="com.Tests.DeshBoardOrderTest" name="shippingAddress" time="0.0">
    <skipped/>
  </testcase> <!-- shippingAddress -->
</testsuite> <!-- Desh Board Order Test -->
