<?xml version="1.0" encoding="UTF-8"?>
<!-- Generated by org.testng.reporters.JUnitXMLReporter -->
<testsuite ignored="0" hostname="Khosruz" failures="0" tests="3" name="Desh Board Home Test" time="28.423" errors="0" timestamp="2023-10-19T00:54:13 EDT">
  <testcase classname="com.Tests.DeshBoardHomeTest" name="pageTitleTest" time="0.08"/>
  <testcase classname="com.Tests.DeshBoardHomeTest" name="salseDataTest" time="2.149"/>
  <testcase classname="com.Tests.DeshBoardHomeTest" name="salseDataTest" time="3.103"/>
</testsuite> <!-- Desh Board Home Test -->
