<?xml version="1.0" encoding="UTF-8"?>
<!-- Generated by org.testng.reporters.JUnitXMLReporter -->
<testsuite ignored="0" hostname="Khosruz" failures="0" tests="7" name="Desh Board Order Test" time="49.203" errors="0" timestamp="2024-02-28T14:42:00 EST">
  <testcase classname="com.Tests.DeshBoardOrderTest" name="pageTitleTest" time="0.011"/>
  <testcase classname="com.Tests.DeshBoardOrderTest" name="orderManueTest" time="0.018"/>
  <testcase classname="com.Tests.DeshBoardOrderTest" name="heasdSelectionTest" time="0.574"/>
  <testcase classname="com.Tests.DeshBoardOrderTest" name="bodySelectionTest" time="0.328"/>
  <testcase classname="com.Tests.DeshBoardOrderTest" name="legsSelectionTest" time="0.058"/>
  <testcase classname="com.Tests.DeshBoardOrderTest" name="shippingAddress" time="6.338">
    <skipped/>
  </testcase> <!-- shippingAddress -->
  <testcase classname="com.Tests.DeshBoardOrderTest" name="shippingAddress" time="1.928"/>
</testsuite> <!-- Desh Board Order Test -->
