<?xml version="1.0" encoding="UTF-8"?>
<!-- Generated by org.testng.reporters.JUnitXMLReporter -->
<testsuite ignored="0" hostname="Khosruzs-MacBook-Pro.local" failures="0" tests="5" name="Home Page Test" time="21.896" errors="0" timestamp="2024-12-10T21:23:12 EST">
  <testcase classname="com.Tests.HomePageTest" name="pageTitleTest" time="0.047"/>
  <testcase classname="com.Tests.HomePageTest" name="homePageText" time="0.034"/>
  <testcase classname="com.Tests.HomePageTest" name="homeButtonTest" time="0.041"/>
  <testcase classname="com.Tests.HomePageTest" name="orderButtonTest" time="0.028"/>
  <testcase classname="com.Tests.HomePageTest" name="loginButtonTest" time="0.033"/>
</testsuite> <!-- Home Page Test -->
