<?xml version="1.0" encoding="UTF-8"?>
<!-- Generated by org.testng.reporters.JUnitXMLReporter -->
<testsuite ignored="3" hostname="Khosruz" failures="0" tests="2" name="Login Page Test" time="12.757" errors="0" timestamp="2024-02-28T14:41:05 EST">
  <testcase classname="com.Tests.LoginPageTest" name="pageTitleTest" time="0.008"/>
  <testcase classname="com.Tests.LoginPageTest" name="displayNameTest" time="2.431"/>
  <testcase classname="com.Tests.LoginPageTest" name="logOutTest" time="0.0">
    <ignored/>
  </testcase> <!-- logOutTest -->
  <testcase classname="com.Tests.LoginPageTest" name="loginTestInvalidCredentials" time="0.0">
    <ignored/>
  </testcase> <!-- loginTestInvalidCredentials -->
  <testcase classname="com.Tests.LoginPageTest" name="loginTestWithValidCredentials" time="0.0">
    <ignored/>
  </testcase> <!-- loginTestWithValidCredentials -->
</testsuite> <!-- Login Page Test -->
