<?xml version="1.0" encoding="UTF-8"?>
<!-- Generated by org.testng.reporters.JUnitXMLReporter -->
<testsuite ignored="0" hostname="Khosruz" failures="9" tests="27" name="Test" time="0.886" errors="0" timestamp="2023-10-17T23:30:04 EDT">
  <testcase classname="com.Tests.DeshBoardHomeTest" name="pageTitleTest" time="0.065">
    <skipped/>
  </testcase> <!-- pageTitleTest -->
  <testcase classname="com.Tests.DeshBoardHomeTest" name="pageTitleTest" time="0.004">
    <skipped/>
  </testcase> <!-- pageTitleTest -->
  <testcase classname="com.Tests.DeshBoardHomeTest" name="pageTitleTest" time="0.002">
    <failure type="java.lang.NullPointerException" message="Cannot invoke &amp;quot;com.Pages.DeshBoardHome.validatePageTitle()&amp;quot; because &amp;quot;this.deshBoardHome&amp;quot; is null">
      <![CDATA[java.lang.NullPointerException: Cannot invoke "com.Pages.DeshBoardHome.validatePageTitle()" because "this.deshBoardHome" is null
at com.Tests.DeshBoardHomeTest.pageTitleTest(DeshBoardHomeTest.java:24)
at java.base/java.util.ArrayList.forEach(ArrayList.java:1511)
... Removed 27 stack frames]]>
    </failure>
  </testcase> <!-- pageTitleTest -->
  <testcase classname="com.Tests.DeshBoardHomeTest" name="salseDataTest" time="0.003">
    <skipped/>
  </testcase> <!-- salseDataTest -->
  <testcase classname="com.Tests.DeshBoardHomeTest" name="salseDataTest" time="0.002">
    <skipped/>
  </testcase> <!-- salseDataTest -->
  <testcase classname="com.Tests.DeshBoardHomeTest" name="salseDataTest" time="0.002">
    <failure type="java.lang.NullPointerException" message="Cannot invoke &amp;quot;org.openqa.selenium.SearchContext.findElement(org.openqa.selenium.By)&amp;quot; because &amp;quot;this.searchContext&amp;quot; is null">
      <![CDATA[java.lang.NullPointerException: Cannot invoke "org.openqa.selenium.SearchContext.findElement(org.openqa.selenium.By)" because "this.searchContext" is null
at org.openqa.selenium.support.pagefactory.DefaultElementLocator.findElement(DefaultElementLocator.java:69)
at org.openqa.selenium.support.pagefactory.internal.LocatingElementHandler.invoke(LocatingElementHandler.java:38)
at jdk.proxy2/jdk.proxy2.$Proxy10.sendKeys(Unknown Source)
at com.Pages.LoginPage.enterCredentials(LoginPage.java:38)
at com.Tests.DeshBoardHomeTest.salseDataTest(DeshBoardHomeTest.java:37)
at java.base/java.util.ArrayList.forEach(ArrayList.java:1511)
... Removed 27 stack frames]]>
    </failure>
  </testcase> <!-- salseDataTest -->
  <testcase classname="com.Tests.DeshBoardHomeTest" name="salseDataTest" time="0.003">
    <skipped/>
  </testcase> <!-- salseDataTest -->
  <testcase classname="com.Tests.DeshBoardHomeTest" name="salseDataTest" time="0.003">
    <skipped/>
  </testcase> <!-- salseDataTest -->
  <testcase classname="com.Tests.DeshBoardHomeTest" name="salseDataTest" time="0.002">
    <failure type="java.lang.NullPointerException" message="Cannot invoke &amp;quot;org.openqa.selenium.SearchContext.findElement(org.openqa.selenium.By)&amp;quot; because &amp;quot;this.searchContext&amp;quot; is null">
      <![CDATA[java.lang.NullPointerException: Cannot invoke "org.openqa.selenium.SearchContext.findElement(org.openqa.selenium.By)" because "this.searchContext" is null
at org.openqa.selenium.support.pagefactory.DefaultElementLocator.findElement(DefaultElementLocator.java:69)
at org.openqa.selenium.support.pagefactory.internal.LocatingElementHandler.invoke(LocatingElementHandler.java:38)
at jdk.proxy2/jdk.proxy2.$Proxy10.sendKeys(Unknown Source)
at com.Pages.LoginPage.enterCredentials(LoginPage.java:38)
at com.Tests.DeshBoardHomeTest.salseDataTest(DeshBoardHomeTest.java:37)
at java.base/java.util.ArrayList.forEach(ArrayList.java:1511)
... Removed 27 stack frames]]>
    </failure>
  </testcase> <!-- salseDataTest -->
  <testcase classname="com.Tests.DeshBoardHomeTest" name="salseDataTest" time="0.001">
    <skipped/>
  </testcase> <!-- salseDataTest -->
  <testcase classname="com.Tests.DeshBoardHomeTest" name="salseDataTest" time="0.003">
    <skipped/>
  </testcase> <!-- salseDataTest -->
  <testcase classname="com.Tests.DeshBoardHomeTest" name="salseDataTest" time="0.001">
    <failure type="java.lang.NullPointerException" message="Cannot invoke &amp;quot;org.openqa.selenium.SearchContext.findElement(org.openqa.selenium.By)&amp;quot; because &amp;quot;this.searchContext&amp;quot; is null">
      <![CDATA[java.lang.NullPointerException: Cannot invoke "org.openqa.selenium.SearchContext.findElement(org.openqa.selenium.By)" because "this.searchContext" is null
at org.openqa.selenium.support.pagefactory.DefaultElementLocator.findElement(DefaultElementLocator.java:69)
at org.openqa.selenium.support.pagefactory.internal.LocatingElementHandler.invoke(LocatingElementHandler.java:38)
at jdk.proxy2/jdk.proxy2.$Proxy10.sendKeys(Unknown Source)
at com.Pages.LoginPage.enterCredentials(LoginPage.java:38)
at com.Tests.DeshBoardHomeTest.salseDataTest(DeshBoardHomeTest.java:37)
at java.base/java.util.ArrayList.forEach(ArrayList.java:1511)
... Removed 27 stack frames]]>
    </failure>
  </testcase> <!-- salseDataTest -->
  <testcase classname="com.Tests.DeshBoardHomeTest" name="salseDataTest" time="0.002">
    <skipped/>
  </testcase> <!-- salseDataTest -->
  <testcase classname="com.Tests.DeshBoardHomeTest" name="salseDataTest" time="0.002">
    <skipped/>
  </testcase> <!-- salseDataTest -->
  <testcase classname="com.Tests.DeshBoardHomeTest" name="salseDataTest" time="0.001">
    <failure type="java.lang.NullPointerException" message="Cannot invoke &amp;quot;org.openqa.selenium.SearchContext.findElement(org.openqa.selenium.By)&amp;quot; because &amp;quot;this.searchContext&amp;quot; is null">
      <![CDATA[java.lang.NullPointerException: Cannot invoke "org.openqa.selenium.SearchContext.findElement(org.openqa.selenium.By)" because "this.searchContext" is null
at org.openqa.selenium.support.pagefactory.DefaultElementLocator.findElement(DefaultElementLocator.java:69)
at org.openqa.selenium.support.pagefactory.internal.LocatingElementHandler.invoke(LocatingElementHandler.java:38)
at jdk.proxy2/jdk.proxy2.$Proxy10.sendKeys(Unknown Source)
at com.Pages.LoginPage.enterCredentials(LoginPage.java:38)
at com.Tests.DeshBoardHomeTest.salseDataTest(DeshBoardHomeTest.java:37)
at java.base/java.util.ArrayList.forEach(ArrayList.java:1511)
... Removed 27 stack frames]]>
    </failure>
  </testcase> <!-- salseDataTest -->
  <testcase classname="com.Tests.DeshBoardHomeTest" name="salseDataTest" time="0.002">
    <skipped/>
  </testcase> <!-- salseDataTest -->
  <testcase classname="com.Tests.DeshBoardHomeTest" name="salseDataTest" time="0.002">
    <skipped/>
  </testcase> <!-- salseDataTest -->
  <testcase classname="com.Tests.DeshBoardHomeTest" name="salseDataTest" time="0.002">
    <failure type="java.lang.NullPointerException" message="Cannot invoke &amp;quot;org.openqa.selenium.SearchContext.findElement(org.openqa.selenium.By)&amp;quot; because &amp;quot;this.searchContext&amp;quot; is null">
      <![CDATA[java.lang.NullPointerException: Cannot invoke "org.openqa.selenium.SearchContext.findElement(org.openqa.selenium.By)" because "this.searchContext" is null
at org.openqa.selenium.support.pagefactory.DefaultElementLocator.findElement(DefaultElementLocator.java:69)
at org.openqa.selenium.support.pagefactory.internal.LocatingElementHandler.invoke(LocatingElementHandler.java:38)
at jdk.proxy2/jdk.proxy2.$Proxy10.sendKeys(Unknown Source)
at com.Pages.LoginPage.enterCredentials(LoginPage.java:38)
at com.Tests.DeshBoardHomeTest.salseDataTest(DeshBoardHomeTest.java:37)
at java.base/java.util.ArrayList.forEach(ArrayList.java:1511)
... Removed 27 stack frames]]>
    </failure>
  </testcase> <!-- salseDataTest -->
  <testcase classname="com.Tests.DeshBoardHomeTest" name="salseDataTest" time="0.002">
    <skipped/>
  </testcase> <!-- salseDataTest -->
  <testcase classname="com.Tests.DeshBoardHomeTest" name="salseDataTest" time="0.001">
    <skipped/>
  </testcase> <!-- salseDataTest -->
  <testcase classname="com.Tests.DeshBoardHomeTest" name="salseDataTest" time="0.001">
    <failure type="java.lang.NullPointerException" message="Cannot invoke &amp;quot;org.openqa.selenium.SearchContext.findElement(org.openqa.selenium.By)&amp;quot; because &amp;quot;this.searchContext&amp;quot; is null">
      <![CDATA[java.lang.NullPointerException: Cannot invoke "org.openqa.selenium.SearchContext.findElement(org.openqa.selenium.By)" because "this.searchContext" is null
at org.openqa.selenium.support.pagefactory.DefaultElementLocator.findElement(DefaultElementLocator.java:69)
at org.openqa.selenium.support.pagefactory.internal.LocatingElementHandler.invoke(LocatingElementHandler.java:38)
at jdk.proxy2/jdk.proxy2.$Proxy10.sendKeys(Unknown Source)
at com.Pages.LoginPage.enterCredentials(LoginPage.java:38)
at com.Tests.DeshBoardHomeTest.salseDataTest(DeshBoardHomeTest.java:37)
at java.base/java.util.ArrayList.forEach(ArrayList.java:1511)
... Removed 26 stack frames]]>
    </failure>
  </testcase> <!-- salseDataTest -->
  <testcase classname="com.Tests.DeshBoardHomeTest" name="salseDataTest" time="0.001">
    <skipped/>
  </testcase> <!-- salseDataTest -->
  <testcase classname="com.Tests.DeshBoardHomeTest" name="salseDataTest" time="0.002">
    <skipped/>
  </testcase> <!-- salseDataTest -->
  <testcase classname="com.Tests.DeshBoardHomeTest" name="salseDataTest" time="0.002">
    <failure type="java.lang.NullPointerException" message="Cannot invoke &amp;quot;org.openqa.selenium.SearchContext.findElement(org.openqa.selenium.By)&amp;quot; because &amp;quot;this.searchContext&amp;quot; is null">
      <![CDATA[java.lang.NullPointerException: Cannot invoke "org.openqa.selenium.SearchContext.findElement(org.openqa.selenium.By)" because "this.searchContext" is null
at org.openqa.selenium.support.pagefactory.DefaultElementLocator.findElement(DefaultElementLocator.java:69)
at org.openqa.selenium.support.pagefactory.internal.LocatingElementHandler.invoke(LocatingElementHandler.java:38)
at jdk.proxy2/jdk.proxy2.$Proxy10.sendKeys(Unknown Source)
at com.Pages.LoginPage.enterCredentials(LoginPage.java:38)
at com.Tests.DeshBoardHomeTest.salseDataTest(DeshBoardHomeTest.java:37)
at java.base/java.util.ArrayList.forEach(ArrayList.java:1511)
... Removed 26 stack frames]]>
    </failure>
  </testcase> <!-- salseDataTest -->
  <testcase classname="com.Tests.DeshBoardHomeTest" name="salseDataTest" time="0.002">
    <skipped/>
  </testcase> <!-- salseDataTest -->
  <testcase classname="com.Tests.DeshBoardHomeTest" name="salseDataTest" time="0.0">
    <skipped/>
  </testcase> <!-- salseDataTest -->
  <testcase classname="com.Tests.DeshBoardHomeTest" name="salseDataTest" time="0.001">
    <failure type="java.lang.NullPointerException" message="Cannot invoke &amp;quot;org.openqa.selenium.SearchContext.findElement(org.openqa.selenium.By)&amp;quot; because &amp;quot;this.searchContext&amp;quot; is null">
      <![CDATA[java.lang.NullPointerException: Cannot invoke "org.openqa.selenium.SearchContext.findElement(org.openqa.selenium.By)" because "this.searchContext" is null
at org.openqa.selenium.support.pagefactory.DefaultElementLocator.findElement(DefaultElementLocator.java:69)
at org.openqa.selenium.support.pagefactory.internal.LocatingElementHandler.invoke(LocatingElementHandler.java:38)
at jdk.proxy2/jdk.proxy2.$Proxy10.sendKeys(Unknown Source)
at com.Pages.LoginPage.enterCredentials(LoginPage.java:38)
at com.Tests.DeshBoardHomeTest.salseDataTest(DeshBoardHomeTest.java:37)
at java.base/java.util.ArrayList.forEach(ArrayList.java:1511)
... Removed 26 stack frames]]>
    </failure>
  </testcase> <!-- salseDataTest -->
</testsuite> <!-- Test -->
