<?xml version="1.0" encoding="UTF-8"?>
<testng-results ignored="0" total="11" passed="11" failed="0" skipped="0">
  <reporter-output>
  </reporter-output>
  <suite started-at="2024-12-10T21:22:51 EST" name="Robotic Applicaion Automated Tess" finished-at="2024-12-10T21:23:29 EST" duration-ms="38714">
    <groups>
      <group name="Order Page Functions">
        <method signature="DeshBoardOrderTest.pageTitleTest()[pri:1, instance:com.Tests.DeshBoardOrderTest@bcef303]" name="pageTitleTest" class="com.Tests.DeshBoardOrderTest"/>
        <method signature="DeshBoardOrderTest.orderManueTest()[pri:2, instance:com.Tests.DeshBoardOrderTest@bcef303]" name="orderManueTest" class="com.Tests.DeshBoardOrderTest"/>
        <method signature="DeshBoardOrderTest.heasdSelectionTest()[pri:3, instance:com.Tests.DeshBoardOrderTest@bcef303]" name="heasdSelectionTest" class="com.Tests.DeshBoardOrderTest"/>
        <method signature="DeshBoardOrderTest.bodySelectionTest()[pri:4, instance:com.Tests.DeshBoardOrderTest@bcef303]" name="bodySelectionTest" class="com.Tests.DeshBoardOrderTest"/>
        <method signature="DeshBoardOrderTest.legsSelectionTest()[pri:5, instance:com.Tests.DeshBoardOrderTest@bcef303]" name="legsSelectionTest" class="com.Tests.DeshBoardOrderTest"/>
        <method signature="DeshBoardOrderTest.shippingAddress(java.lang.String)[pri:6, instance:com.Tests.DeshBoardOrderTest@bcef303]" name="shippingAddress" class="com.Tests.DeshBoardOrderTest"/>
      </group> <!-- Order Page Functions -->
      <group name="Home Page Functions">
        <method signature="HomePageTest.homeButtonTest()[pri:0, instance:com.Tests.HomePageTest@10a9d961]" name="homeButtonTest" class="com.Tests.HomePageTest"/>
        <method signature="HomePageTest.homePageText()[pri:0, instance:com.Tests.HomePageTest@10a9d961]" name="homePageText" class="com.Tests.HomePageTest"/>
        <method signature="HomePageTest.loginButtonTest()[pri:0, instance:com.Tests.HomePageTest@10a9d961]" name="loginButtonTest" class="com.Tests.HomePageTest"/>
        <method signature="HomePageTest.orderButtonTest()[pri:0, instance:com.Tests.HomePageTest@10a9d961]" name="orderButtonTest" class="com.Tests.HomePageTest"/>
        <method signature="HomePageTest.pageTitleTest()[pri:0, instance:com.Tests.HomePageTest@10a9d961]" name="pageTitleTest" class="com.Tests.HomePageTest"/>
      </group> <!-- Home Page Functions -->
    </groups>
    <test started-at="2024-12-10T21:22:51 EST" name="Home Page Test" finished-at="2024-12-10T21:23:12 EST" duration-ms="21896">
      <class name="com.Tests.HomePageTest">
        <test-method is-config="true" signature="tearUp()[pri:0, instance:com.Tests.HomePageTest@10a9d961]" started-at="2024-12-10T21:22:51 EST" name="tearUp" finished-at="2024-12-10T21:23:02 EST" duration-ms="11525" status="PASS">
          <reporter-output>
          </reporter-output>
        </test-method> <!-- tearUp -->
        <test-method signature="pageTitleTest()[pri:0, instance:com.Tests.HomePageTest@10a9d961]" started-at="2024-12-10T21:23:02 EST" name="pageTitleTest" finished-at="2024-12-10T21:23:02 EST" duration-ms="47" status="PASS">
          <reporter-output>
          </reporter-output>
        </test-method> <!-- pageTitleTest -->
        <test-method is-config="true" signature="tearDown()[pri:0, instance:com.Tests.HomePageTest@10a9d961]" started-at="2024-12-10T21:23:02 EST" name="tearDown" finished-at="2024-12-10T21:23:02 EST" duration-ms="121" status="PASS">
          <reporter-output>
          </reporter-output>
        </test-method> <!-- tearDown -->
        <test-method is-config="true" signature="tearUp()[pri:0, instance:com.Tests.HomePageTest@10a9d961]" started-at="2024-12-10T21:23:02 EST" name="tearUp" finished-at="2024-12-10T21:23:06 EST" duration-ms="3270" status="PASS">
          <reporter-output>
          </reporter-output>
        </test-method> <!-- tearUp -->
        <test-method signature="homePageText()[pri:0, instance:com.Tests.HomePageTest@10a9d961]" started-at="2024-12-10T21:23:06 EST" name="homePageText" finished-at="2024-12-10T21:23:06 EST" duration-ms="34" status="PASS">
          <reporter-output>
          </reporter-output>
        </test-method> <!-- homePageText -->
        <test-method is-config="true" signature="tearDown()[pri:0, instance:com.Tests.HomePageTest@10a9d961]" started-at="2024-12-10T21:23:06 EST" name="tearDown" finished-at="2024-12-10T21:23:06 EST" duration-ms="94" status="PASS">
          <reporter-output>
          </reporter-output>
        </test-method> <!-- tearDown -->
        <test-method is-config="true" signature="tearUp()[pri:0, instance:com.Tests.HomePageTest@10a9d961]" started-at="2024-12-10T21:23:06 EST" name="tearUp" finished-at="2024-12-10T21:23:08 EST" duration-ms="2200" status="PASS">
          <reporter-output>
          </reporter-output>
        </test-method> <!-- tearUp -->
        <test-method signature="homeButtonTest()[pri:0, instance:com.Tests.HomePageTest@10a9d961]" started-at="2024-12-10T21:23:08 EST" name="homeButtonTest" finished-at="2024-12-10T21:23:08 EST" duration-ms="41" status="PASS">
          <reporter-output>
          </reporter-output>
        </test-method> <!-- homeButtonTest -->
        <test-method is-config="true" signature="tearDown()[pri:0, instance:com.Tests.HomePageTest@10a9d961]" started-at="2024-12-10T21:23:08 EST" name="tearDown" finished-at="2024-12-10T21:23:08 EST" duration-ms="165" status="PASS">
          <reporter-output>
          </reporter-output>
        </test-method> <!-- tearDown -->
        <test-method is-config="true" signature="tearUp()[pri:0, instance:com.Tests.HomePageTest@10a9d961]" started-at="2024-12-10T21:23:08 EST" name="tearUp" finished-at="2024-12-10T21:23:10 EST" duration-ms="1955" status="PASS">
          <reporter-output>
          </reporter-output>
        </test-method> <!-- tearUp -->
        <test-method signature="orderButtonTest()[pri:0, instance:com.Tests.HomePageTest@10a9d961]" started-at="2024-12-10T21:23:10 EST" name="orderButtonTest" finished-at="2024-12-10T21:23:10 EST" duration-ms="28" status="PASS">
          <reporter-output>
          </reporter-output>
        </test-method> <!-- orderButtonTest -->
        <test-method is-config="true" signature="tearDown()[pri:0, instance:com.Tests.HomePageTest@10a9d961]" started-at="2024-12-10T21:23:10 EST" name="tearDown" finished-at="2024-12-10T21:23:10 EST" duration-ms="108" status="PASS">
          <reporter-output>
          </reporter-output>
        </test-method> <!-- tearDown -->
        <test-method is-config="true" signature="tearUp()[pri:0, instance:com.Tests.HomePageTest@10a9d961]" started-at="2024-12-10T21:23:10 EST" name="tearUp" finished-at="2024-12-10T21:23:12 EST" duration-ms="2000" status="PASS">
          <reporter-output>
          </reporter-output>
        </test-method> <!-- tearUp -->
        <test-method signature="loginButtonTest()[pri:0, instance:com.Tests.HomePageTest@10a9d961]" started-at="2024-12-10T21:23:12 EST" name="loginButtonTest" finished-at="2024-12-10T21:23:12 EST" duration-ms="33" status="PASS">
          <reporter-output>
          </reporter-output>
        </test-method> <!-- loginButtonTest -->
        <test-method is-config="true" signature="tearDown()[pri:0, instance:com.Tests.HomePageTest@10a9d961]" started-at="2024-12-10T21:23:12 EST" name="tearDown" finished-at="2024-12-10T21:23:12 EST" duration-ms="168" status="PASS">
          <reporter-output>
          </reporter-output>
        </test-method> <!-- tearDown -->
      </class> <!-- com.Tests.HomePageTest -->
    </test> <!-- Home Page Test -->
    <test started-at="2024-12-10T21:23:12 EST" name="Desh Board Order Test" finished-at="2024-12-10T21:23:29 EST" duration-ms="16796">
      <class name="com.Tests.DeshBoardOrderTest">
        <test-method is-config="true" signature="tearUp()[pri:0, instance:com.Tests.DeshBoardOrderTest@bcef303]" started-at="2024-12-10T21:23:12 EST" name="tearUp" finished-at="2024-12-10T21:23:15 EST" duration-ms="2452" status="PASS">
          <reporter-output>
          </reporter-output>
        </test-method> <!-- tearUp -->
        <test-method signature="pageTitleTest()[pri:1, instance:com.Tests.DeshBoardOrderTest@bcef303]" started-at="2024-12-10T21:23:15 EST" name="pageTitleTest" finished-at="2024-12-10T21:23:15 EST" duration-ms="7" status="PASS">
          <reporter-output>
          </reporter-output>
        </test-method> <!-- pageTitleTest -->
        <test-method is-config="true" signature="tearDown()[pri:0, instance:com.Tests.DeshBoardOrderTest@bcef303]" started-at="2024-12-10T21:23:15 EST" name="tearDown" finished-at="2024-12-10T21:23:15 EST" duration-ms="115" status="PASS">
          <reporter-output>
          </reporter-output>
        </test-method> <!-- tearDown -->
        <test-method is-config="true" signature="tearUp()[pri:0, instance:com.Tests.DeshBoardOrderTest@bcef303]" started-at="2024-12-10T21:23:15 EST" name="tearUp" finished-at="2024-12-10T21:23:17 EST" duration-ms="2139" status="PASS">
          <reporter-output>
          </reporter-output>
        </test-method> <!-- tearUp -->
        <test-method signature="orderManueTest()[pri:2, instance:com.Tests.DeshBoardOrderTest@bcef303]" started-at="2024-12-10T21:23:17 EST" name="orderManueTest" finished-at="2024-12-10T21:23:17 EST" duration-ms="25" status="PASS">
          <reporter-output>
          </reporter-output>
        </test-method> <!-- orderManueTest -->
        <test-method is-config="true" signature="tearDown()[pri:0, instance:com.Tests.DeshBoardOrderTest@bcef303]" started-at="2024-12-10T21:23:17 EST" name="tearDown" finished-at="2024-12-10T21:23:17 EST" duration-ms="112" status="PASS">
          <reporter-output>
          </reporter-output>
        </test-method> <!-- tearDown -->
        <test-method is-config="true" signature="tearUp()[pri:0, instance:com.Tests.DeshBoardOrderTest@bcef303]" started-at="2024-12-10T21:23:17 EST" name="tearUp" finished-at="2024-12-10T21:23:20 EST" duration-ms="2191" status="PASS">
          <reporter-output>
          </reporter-output>
        </test-method> <!-- tearUp -->
        <test-method signature="heasdSelectionTest()[pri:3, instance:com.Tests.DeshBoardOrderTest@bcef303]" started-at="2024-12-10T21:23:20 EST" name="heasdSelectionTest" finished-at="2024-12-10T21:23:20 EST" duration-ms="320" status="PASS">
          <reporter-output>
          </reporter-output>
        </test-method> <!-- heasdSelectionTest -->
        <test-method is-config="true" signature="tearDown()[pri:0, instance:com.Tests.DeshBoardOrderTest@bcef303]" started-at="2024-12-10T21:23:20 EST" name="tearDown" finished-at="2024-12-10T21:23:20 EST" duration-ms="76" status="PASS">
          <reporter-output>
          </reporter-output>
        </test-method> <!-- tearDown -->
        <test-method is-config="true" signature="tearUp()[pri:0, instance:com.Tests.DeshBoardOrderTest@bcef303]" started-at="2024-12-10T21:23:20 EST" name="tearUp" finished-at="2024-12-10T21:23:22 EST" duration-ms="2486" status="PASS">
          <reporter-output>
          </reporter-output>
        </test-method> <!-- tearUp -->
        <test-method signature="bodySelectionTest()[pri:4, instance:com.Tests.DeshBoardOrderTest@bcef303]" started-at="2024-12-10T21:23:22 EST" name="bodySelectionTest" finished-at="2024-12-10T21:23:23 EST" duration-ms="121" status="PASS">
          <reporter-output>
          </reporter-output>
        </test-method> <!-- bodySelectionTest -->
        <test-method is-config="true" signature="tearDown()[pri:0, instance:com.Tests.DeshBoardOrderTest@bcef303]" started-at="2024-12-10T21:23:23 EST" name="tearDown" finished-at="2024-12-10T21:23:23 EST" duration-ms="112" status="PASS">
          <reporter-output>
          </reporter-output>
        </test-method> <!-- tearDown -->
        <test-method is-config="true" signature="tearUp()[pri:0, instance:com.Tests.DeshBoardOrderTest@bcef303]" started-at="2024-12-10T21:23:23 EST" name="tearUp" finished-at="2024-12-10T21:23:25 EST" duration-ms="2254" status="PASS">
          <reporter-output>
          </reporter-output>
        </test-method> <!-- tearUp -->
        <test-method signature="legsSelectionTest()[pri:5, instance:com.Tests.DeshBoardOrderTest@bcef303]" started-at="2024-12-10T21:23:25 EST" name="legsSelectionTest" finished-at="2024-12-10T21:23:25 EST" duration-ms="66" status="PASS">
          <reporter-output>
          </reporter-output>
        </test-method> <!-- legsSelectionTest -->
        <test-method is-config="true" signature="tearDown()[pri:0, instance:com.Tests.DeshBoardOrderTest@bcef303]" started-at="2024-12-10T21:23:25 EST" name="tearDown" finished-at="2024-12-10T21:23:25 EST" duration-ms="81" status="PASS">
          <reporter-output>
          </reporter-output>
        </test-method> <!-- tearDown -->
        <test-method is-config="true" signature="tearUp()[pri:0, instance:com.Tests.DeshBoardOrderTest@bcef303]" started-at="2024-12-10T21:23:25 EST" name="tearUp" finished-at="2024-12-10T21:23:28 EST" duration-ms="2389" status="PASS">
          <reporter-output>
          </reporter-output>
        </test-method> <!-- tearUp -->
        <test-method signature="shippingAddress(java.lang.String)[pri:6, instance:com.Tests.DeshBoardOrderTest@bcef303]" started-at="2024-12-10T21:23:28 EST" name="shippingAddress" data-provider="getNewData" finished-at="2024-12-10T21:23:29 EST" duration-ms="1405" status="PASS">
          <params>
            <param index="0">
              <value>
                <![CDATA[508 winfield Ave, Upper darby, PA, 19082]]>
              </value>
            </param>
          </params>
          <reporter-output>
          </reporter-output>
        </test-method> <!-- shippingAddress -->
        <test-method is-config="true" signature="tearDown()[pri:0, instance:com.Tests.DeshBoardOrderTest@bcef303]" started-at="2024-12-10T21:23:29 EST" name="tearDown" finished-at="2024-12-10T21:23:29 EST" duration-ms="80" status="PASS">
          <reporter-output>
          </reporter-output>
        </test-method> <!-- tearDown -->
      </class> <!-- com.Tests.DeshBoardOrderTest -->
    </test> <!-- Desh Board Order Test -->
  </suite> <!-- Robotic Applicaion Automated Tess -->
</testng-results>
