<?xml version="1.0" encoding="UTF-8"?>
<testng-results retried="1" ignored="1" total="17" passed="14" failed="1" skipped="0">
  <reporter-output>
  </reporter-output>
  <suite started-at="2024-02-28T14:40:23 EST" name="Robotic Applicaion Automated Tess" finished-at="2024-02-28T14:42:00 EST" duration-ms="97593">
    <groups>
      <group name="Order Page Functions">
        <method signature="DeshBoardOrderTest.pageTitleTest()[pri:1, instance:com.Tests.DeshBoardOrderTest@108a46d6]" name="pageTitleTest" class="com.Tests.DeshBoardOrderTest"/>
        <method signature="DeshBoardOrderTest.orderManueTest()[pri:2, instance:com.Tests.DeshBoardOrderTest@108a46d6]" name="orderManueTest" class="com.Tests.DeshBoardOrderTest"/>
        <method signature="DeshBoardOrderTest.heasdSelectionTest()[pri:3, instance:com.Tests.DeshBoardOrderTest@108a46d6]" name="heasdSelectionTest" class="com.Tests.DeshBoardOrderTest"/>
        <method signature="DeshBoardOrderTest.bodySelectionTest()[pri:4, instance:com.Tests.DeshBoardOrderTest@108a46d6]" name="bodySelectionTest" class="com.Tests.DeshBoardOrderTest"/>
        <method signature="DeshBoardOrderTest.legsSelectionTest()[pri:5, instance:com.Tests.DeshBoardOrderTest@108a46d6]" name="legsSelectionTest" class="com.Tests.DeshBoardOrderTest"/>
        <method signature="DeshBoardOrderTest.shippingAddress(java.lang.String)[pri:6, instance:com.Tests.DeshBoardOrderTest@108a46d6]" name="shippingAddress" class="com.Tests.DeshBoardOrderTest"/>
      </group> <!-- Order Page Functions -->
      <group name="Home Page Functions">
        <method signature="HomePageTest.homeButtonTest()[pri:0, instance:com.Tests.HomePageTest@20134094]" name="homeButtonTest" class="com.Tests.HomePageTest"/>
        <method signature="HomePageTest.homePageText()[pri:0, instance:com.Tests.HomePageTest@20134094]" name="homePageText" class="com.Tests.HomePageTest"/>
        <method signature="HomePageTest.loginButtonTest()[pri:0, instance:com.Tests.HomePageTest@20134094]" name="loginButtonTest" class="com.Tests.HomePageTest"/>
        <method signature="HomePageTest.orderButtonTest()[pri:0, instance:com.Tests.HomePageTest@20134094]" name="orderButtonTest" class="com.Tests.HomePageTest"/>
        <method signature="HomePageTest.pageTitleTest()[pri:0, instance:com.Tests.HomePageTest@20134094]" name="pageTitleTest" class="com.Tests.HomePageTest"/>
        <method signature="LoginPageTest.pageTitleTest()[pri:1, instance:com.Tests.LoginPageTest@77ec6a3d]" name="pageTitleTest" class="com.Tests.LoginPageTest"/>
      </group> <!-- Home Page Functions -->
      <group name="Login page Functionalities">
        <method signature="LoginPageTest.displayNameTest()[pri:5, instance:com.Tests.LoginPageTest@77ec6a3d]" name="displayNameTest" class="com.Tests.LoginPageTest"/>
      </group> <!-- Login page Functionalities -->
    </groups>
    <test started-at="2024-02-28T14:40:23 EST" name="Home Page Test" finished-at="2024-02-28T14:40:52 EST" duration-ms="29225">
      <class name="com.Tests.HomePageTest">
        <test-method is-config="true" signature="tearUp()[pri:0, instance:com.Tests.HomePageTest@20134094]" started-at="2024-02-28T14:40:23 EST" name="tearUp" finished-at="2024-02-28T14:40:30 EST" duration-ms="6776" status="PASS">
          <reporter-output>
          </reporter-output>
        </test-method> <!-- tearUp -->
        <test-method signature="pageTitleTest()[pri:0, instance:com.Tests.HomePageTest@20134094]" started-at="2024-02-28T14:40:30 EST" name="pageTitleTest" finished-at="2024-02-28T14:40:30 EST" duration-ms="79" status="PASS">
          <reporter-output>
          </reporter-output>
        </test-method> <!-- pageTitleTest -->
        <test-method is-config="true" signature="tearDown()[pri:0, instance:com.Tests.HomePageTest@20134094]" started-at="2024-02-28T14:40:30 EST" name="tearDown" finished-at="2024-02-28T14:40:31 EST" duration-ms="971" status="PASS">
          <reporter-output>
          </reporter-output>
        </test-method> <!-- tearDown -->
        <test-method is-config="true" signature="tearUp()[pri:0, instance:com.Tests.HomePageTest@20134094]" started-at="2024-02-28T14:40:31 EST" name="tearUp" finished-at="2024-02-28T14:40:35 EST" duration-ms="4068" status="PASS">
          <reporter-output>
          </reporter-output>
        </test-method> <!-- tearUp -->
        <test-method signature="homePageText()[pri:0, instance:com.Tests.HomePageTest@20134094]" started-at="2024-02-28T14:40:35 EST" name="homePageText" finished-at="2024-02-28T14:40:35 EST" duration-ms="55" status="PASS">
          <reporter-output>
          </reporter-output>
        </test-method> <!-- homePageText -->
        <test-method is-config="true" signature="tearDown()[pri:0, instance:com.Tests.HomePageTest@20134094]" started-at="2024-02-28T14:40:35 EST" name="tearDown" finished-at="2024-02-28T14:40:36 EST" duration-ms="812" status="PASS">
          <reporter-output>
          </reporter-output>
        </test-method> <!-- tearDown -->
        <test-method is-config="true" signature="tearUp()[pri:0, instance:com.Tests.HomePageTest@20134094]" started-at="2024-02-28T14:40:36 EST" name="tearUp" finished-at="2024-02-28T14:40:40 EST" duration-ms="4319" status="PASS">
          <reporter-output>
          </reporter-output>
        </test-method> <!-- tearUp -->
        <test-method signature="homeButtonTest()[pri:0, instance:com.Tests.HomePageTest@20134094]" started-at="2024-02-28T14:40:40 EST" name="homeButtonTest" finished-at="2024-02-28T14:40:40 EST" duration-ms="64" status="PASS">
          <reporter-output>
          </reporter-output>
        </test-method> <!-- homeButtonTest -->
        <test-method is-config="true" signature="tearDown()[pri:0, instance:com.Tests.HomePageTest@20134094]" started-at="2024-02-28T14:40:40 EST" name="tearDown" finished-at="2024-02-28T14:40:41 EST" duration-ms="822" status="PASS">
          <reporter-output>
          </reporter-output>
        </test-method> <!-- tearDown -->
        <test-method is-config="true" signature="tearUp()[pri:0, instance:com.Tests.HomePageTest@20134094]" started-at="2024-02-28T14:40:41 EST" name="tearUp" finished-at="2024-02-28T14:40:46 EST" duration-ms="4534" status="PASS">
          <reporter-output>
          </reporter-output>
        </test-method> <!-- tearUp -->
        <test-method signature="orderButtonTest()[pri:0, instance:com.Tests.HomePageTest@20134094]" started-at="2024-02-28T14:40:46 EST" name="orderButtonTest" finished-at="2024-02-28T14:40:46 EST" duration-ms="38" status="PASS">
          <reporter-output>
          </reporter-output>
        </test-method> <!-- orderButtonTest -->
        <test-method is-config="true" signature="tearDown()[pri:0, instance:com.Tests.HomePageTest@20134094]" started-at="2024-02-28T14:40:46 EST" name="tearDown" finished-at="2024-02-28T14:40:46 EST" duration-ms="803" status="PASS">
          <reporter-output>
          </reporter-output>
        </test-method> <!-- tearDown -->
        <test-method is-config="true" signature="tearUp()[pri:0, instance:com.Tests.HomePageTest@20134094]" started-at="2024-02-28T14:40:46 EST" name="tearUp" finished-at="2024-02-28T14:40:51 EST" duration-ms="4712" status="PASS">
          <reporter-output>
          </reporter-output>
        </test-method> <!-- tearUp -->
        <test-method signature="loginButtonTest()[pri:0, instance:com.Tests.HomePageTest@20134094]" started-at="2024-02-28T14:40:51 EST" name="loginButtonTest" finished-at="2024-02-28T14:40:51 EST" duration-ms="42" status="PASS">
          <reporter-output>
          </reporter-output>
        </test-method> <!-- loginButtonTest -->
        <test-method is-config="true" signature="tearDown()[pri:0, instance:com.Tests.HomePageTest@20134094]" started-at="2024-02-28T14:40:51 EST" name="tearDown" finished-at="2024-02-28T14:40:52 EST" duration-ms="848" status="PASS">
          <reporter-output>
          </reporter-output>
        </test-method> <!-- tearDown -->
      </class> <!-- com.Tests.HomePageTest -->
    </test> <!-- Home Page Test -->
    <test started-at="2024-02-28T14:40:52 EST" name="Login Page Test" finished-at="2024-02-28T14:41:05 EST" duration-ms="12757">
      <class name="com.Tests.LoginPageTest">
        <test-method is-config="true" signature="tearUp()[pri:0, instance:com.Tests.LoginPageTest@77ec6a3d]" started-at="2024-02-28T14:40:52 EST" name="tearUp" finished-at="2024-02-28T14:40:57 EST" duration-ms="4854" status="PASS">
          <reporter-output>
          </reporter-output>
        </test-method> <!-- tearUp -->
        <test-method signature="pageTitleTest()[pri:1, instance:com.Tests.LoginPageTest@77ec6a3d]" started-at="2024-02-28T14:40:57 EST" name="pageTitleTest" finished-at="2024-02-28T14:40:57 EST" duration-ms="8" status="PASS">
          <reporter-output>
          </reporter-output>
        </test-method> <!-- pageTitleTest -->
        <test-method is-config="true" signature="tearDown()[pri:0, instance:com.Tests.LoginPageTest@77ec6a3d]" started-at="2024-02-28T14:40:57 EST" name="tearDown" finished-at="2024-02-28T14:40:58 EST" duration-ms="790" status="PASS">
          <reporter-output>
          </reporter-output>
        </test-method> <!-- tearDown -->
        <test-method is-config="true" signature="tearUp()[pri:0, instance:com.Tests.LoginPageTest@77ec6a3d]" started-at="2024-02-28T14:40:58 EST" name="tearUp" finished-at="2024-02-28T14:41:02 EST" duration-ms="3857" status="PASS">
          <reporter-output>
          </reporter-output>
        </test-method> <!-- tearUp -->
        <test-method signature="displayNameTest()[pri:5, instance:com.Tests.LoginPageTest@77ec6a3d]" started-at="2024-02-28T14:41:02 EST" name="displayNameTest" finished-at="2024-02-28T14:41:04 EST" duration-ms="2431" status="PASS">
          <reporter-output>
          </reporter-output>
        </test-method> <!-- displayNameTest -->
        <test-method is-config="true" signature="tearDown()[pri:0, instance:com.Tests.LoginPageTest@77ec6a3d]" started-at="2024-02-28T14:41:04 EST" name="tearDown" finished-at="2024-02-28T14:41:05 EST" duration-ms="800" status="PASS">
          <reporter-output>
          </reporter-output>
        </test-method> <!-- tearDown -->
      </class> <!-- com.Tests.LoginPageTest -->
    </test> <!-- Login Page Test -->
    <test started-at="2024-02-28T14:41:05 EST" name="Desh Board Home Test" finished-at="2024-02-28T14:41:11 EST" duration-ms="6366">
      <class name="com.Tests.DeshBoardHomeTest">
        <test-method is-config="true" signature="tearUp()[pri:0, instance:com.Tests.DeshBoardHomeTest@1e86a5a7]" started-at="2024-02-28T14:41:05 EST" name="tearUp" finished-at="2024-02-28T14:41:10 EST" duration-ms="5533" status="PASS">
          <reporter-output>
          </reporter-output>
        </test-method> <!-- tearUp -->
        <test-method signature="pageTitleTest()[pri:0, instance:com.Tests.DeshBoardHomeTest@1e86a5a7]" started-at="2024-02-28T14:41:10 EST" name="pageTitleTest" finished-at="2024-02-28T14:41:10 EST" duration-ms="6" status="PASS">
          <reporter-output>
          </reporter-output>
        </test-method> <!-- pageTitleTest -->
        <test-method is-config="true" signature="tearDown()[pri:0, instance:com.Tests.DeshBoardHomeTest@1e86a5a7]" started-at="2024-02-28T14:41:10 EST" name="tearDown" finished-at="2024-02-28T14:41:11 EST" duration-ms="800" status="PASS">
          <reporter-output>
          </reporter-output>
        </test-method> <!-- tearDown -->
        <test-method signature="salseDataTest(java.lang.String,java.lang.String,java.lang.String)[pri:0, instance:com.Tests.DeshBoardHomeTest@1e86a5a7]" started-at="2024-02-28T14:41:11 EST" name="salseDataTest" finished-at="2024-02-28T14:41:11 EST" duration-ms="0" status="FAIL">
          <exception class="org.testng.TestNGException">
            <message>
              <![CDATA[
Cannot inject @Test annotated Method [salseDataTest] with [class java.lang.String, class java.lang.String, class java.lang.String].
For more information on native dependency injection please refer to https://testng.org/doc/documentation-main.html#native-dependency-injection]]>
            </message>
            <full-stacktrace>
              <![CDATA[org.testng.TestNGException: 
Cannot inject @Test annotated Method [salseDataTest] with [class java.lang.String, class java.lang.String, class java.lang.String].
For more information on native dependency injection please refer to https://testng.org/doc/documentation-main.html#native-dependency-injection
at org.testng.internal.Parameters.checkParameterTypes(Parameters.java:436)
at org.testng.internal.Parameters.createParametersForMethod(Parameters.java:350)
at org.testng.internal.Parameters.createParameters(Parameters.java:693)
at org.testng.internal.Parameters.handleParameters(Parameters.java:879)
at org.testng.internal.Parameters.handleParameters(Parameters.java:728)
at org.testng.internal.invokers.ParameterHandler.handleParameters(ParameterHandler.java:72)
at org.testng.internal.invokers.ParameterHandler.createParameters(ParameterHandler.java:51)
at org.testng.internal.invokers.TestInvoker$MethodInvocationAgent.invoke(TestInvoker.java:911)
at org.testng.internal.invokers.TestInvoker.invokeTestMethods(TestInvoker.java:200)
at org.testng.internal.invokers.TestMethodWorker.invokeTestMethods(TestMethodWorker.java:148)
at org.testng.internal.invokers.TestMethodWorker.run(TestMethodWorker.java:128)
at java.base/java.util.concurrent.ThreadPoolExecutor.runWorker(ThreadPoolExecutor.java:1136)
at java.base/java.util.concurrent.ThreadPoolExecutor$Worker.run(ThreadPoolExecutor.java:635)
at java.base/java.lang.Thread.run(Thread.java:833)
]]>
            </full-stacktrace>
          </exception> <!-- org.testng.TestNGException -->
          <reporter-output>
          </reporter-output>
        </test-method> <!-- salseDataTest -->
      </class> <!-- com.Tests.DeshBoardHomeTest -->
    </test> <!-- Desh Board Home Test -->
    <test started-at="2024-02-28T14:41:11 EST" name="Desh Board Order Test" finished-at="2024-02-28T14:42:00 EST" duration-ms="49203">
      <class name="com.Tests.DeshBoardOrderTest">
        <test-method is-config="true" signature="tearUp()[pri:0, instance:com.Tests.DeshBoardOrderTest@108a46d6]" started-at="2024-02-28T14:41:11 EST" name="tearUp" finished-at="2024-02-28T14:41:16 EST" duration-ms="4620" status="PASS">
          <reporter-output>
          </reporter-output>
        </test-method> <!-- tearUp -->
        <test-method signature="pageTitleTest()[pri:1, instance:com.Tests.DeshBoardOrderTest@108a46d6]" started-at="2024-02-28T14:41:16 EST" name="pageTitleTest" finished-at="2024-02-28T14:41:16 EST" duration-ms="11" status="PASS">
          <reporter-output>
          </reporter-output>
        </test-method> <!-- pageTitleTest -->
        <test-method is-config="true" signature="tearDown()[pri:0, instance:com.Tests.DeshBoardOrderTest@108a46d6]" started-at="2024-02-28T14:41:16 EST" name="tearDown" finished-at="2024-02-28T14:41:17 EST" duration-ms="945" status="PASS">
          <reporter-output>
          </reporter-output>
        </test-method> <!-- tearDown -->
        <test-method is-config="true" signature="tearUp()[pri:0, instance:com.Tests.DeshBoardOrderTest@108a46d6]" started-at="2024-02-28T14:41:17 EST" name="tearUp" finished-at="2024-02-28T14:41:21 EST" duration-ms="4438" status="PASS">
          <reporter-output>
          </reporter-output>
        </test-method> <!-- tearUp -->
        <test-method signature="orderManueTest()[pri:2, instance:com.Tests.DeshBoardOrderTest@108a46d6]" started-at="2024-02-28T14:41:21 EST" name="orderManueTest" finished-at="2024-02-28T14:41:21 EST" duration-ms="18" status="PASS">
          <reporter-output>
          </reporter-output>
        </test-method> <!-- orderManueTest -->
        <test-method is-config="true" signature="tearDown()[pri:0, instance:com.Tests.DeshBoardOrderTest@108a46d6]" started-at="2024-02-28T14:41:21 EST" name="tearDown" finished-at="2024-02-28T14:41:22 EST" duration-ms="813" status="PASS">
          <reporter-output>
          </reporter-output>
        </test-method> <!-- tearDown -->
        <test-method is-config="true" signature="tearUp()[pri:0, instance:com.Tests.DeshBoardOrderTest@108a46d6]" started-at="2024-02-28T14:41:22 EST" name="tearUp" finished-at="2024-02-28T14:41:27 EST" duration-ms="4969" status="PASS">
          <reporter-output>
          </reporter-output>
        </test-method> <!-- tearUp -->
        <test-method signature="heasdSelectionTest()[pri:3, instance:com.Tests.DeshBoardOrderTest@108a46d6]" started-at="2024-02-28T14:41:27 EST" name="heasdSelectionTest" finished-at="2024-02-28T14:41:28 EST" duration-ms="574" status="PASS">
          <reporter-output>
          </reporter-output>
        </test-method> <!-- heasdSelectionTest -->
        <test-method is-config="true" signature="tearDown()[pri:0, instance:com.Tests.DeshBoardOrderTest@108a46d6]" started-at="2024-02-28T14:41:28 EST" name="tearDown" finished-at="2024-02-28T14:41:28 EST" duration-ms="789" status="PASS">
          <reporter-output>
          </reporter-output>
        </test-method> <!-- tearDown -->
        <test-method is-config="true" signature="tearUp()[pri:0, instance:com.Tests.DeshBoardOrderTest@108a46d6]" started-at="2024-02-28T14:41:28 EST" name="tearUp" finished-at="2024-02-28T14:41:33 EST" duration-ms="4728" status="PASS">
          <reporter-output>
          </reporter-output>
        </test-method> <!-- tearUp -->
        <test-method signature="bodySelectionTest()[pri:4, instance:com.Tests.DeshBoardOrderTest@108a46d6]" started-at="2024-02-28T14:41:33 EST" name="bodySelectionTest" finished-at="2024-02-28T14:41:33 EST" duration-ms="328" status="PASS">
          <reporter-output>
          </reporter-output>
        </test-method> <!-- bodySelectionTest -->
        <test-method is-config="true" signature="tearDown()[pri:0, instance:com.Tests.DeshBoardOrderTest@108a46d6]" started-at="2024-02-28T14:41:33 EST" name="tearDown" finished-at="2024-02-28T14:41:34 EST" duration-ms="871" status="PASS">
          <reporter-output>
          </reporter-output>
        </test-method> <!-- tearDown -->
        <test-method is-config="true" signature="tearUp()[pri:0, instance:com.Tests.DeshBoardOrderTest@108a46d6]" started-at="2024-02-28T14:41:34 EST" name="tearUp" finished-at="2024-02-28T14:41:39 EST" duration-ms="4567" status="PASS">
          <reporter-output>
          </reporter-output>
        </test-method> <!-- tearUp -->
        <test-method signature="legsSelectionTest()[pri:5, instance:com.Tests.DeshBoardOrderTest@108a46d6]" started-at="2024-02-28T14:41:39 EST" name="legsSelectionTest" finished-at="2024-02-28T14:41:39 EST" duration-ms="58" status="PASS">
          <reporter-output>
          </reporter-output>
        </test-method> <!-- legsSelectionTest -->
        <test-method is-config="true" signature="tearDown()[pri:0, instance:com.Tests.DeshBoardOrderTest@108a46d6]" started-at="2024-02-28T14:41:39 EST" name="tearDown" finished-at="2024-02-28T14:41:40 EST" duration-ms="833" status="PASS">
          <reporter-output>
          </reporter-output>
        </test-method> <!-- tearDown -->
        <test-method is-config="true" signature="tearUp()[pri:0, instance:com.Tests.DeshBoardOrderTest@108a46d6]" started-at="2024-02-28T14:41:41 EST" name="tearUp" finished-at="2024-02-28T14:41:45 EST" duration-ms="4540" status="PASS">
          <reporter-output>
          </reporter-output>
        </test-method> <!-- tearUp -->
        <test-method retried="true" signature="shippingAddress(java.lang.String)[pri:6, instance:com.Tests.DeshBoardOrderTest@108a46d6]" started-at="2024-02-28T14:41:45 EST" name="shippingAddress" data-provider="getNewData" finished-at="2024-02-28T14:41:52 EST" duration-ms="6338" status="SKIP">
          <params>
            <param index="0">
              <value>
                <![CDATA[508 winfield Ave, Upper darby, PA, 19082]]>
              </value>
            </param>
          </params>
          <exception class="org.openqa.selenium.NoSuchElementException">
            <message>
              <![CDATA[Unable to locate element: //div[@id='receipt']
For documentation on this error, please visit: https://www.seleniumhq.org/exceptions/no_such_element.html
Build info: version: '3.141.59', revision: 'e82be7d358', time: '2018-11-14T08:17:03'
System info: host: 'KHOSRUZ', ip: '192.168.0.26', os.name: 'Windows 11', os.arch: 'amd64', os.version: '10.0', java.version: '17.0.8'
Driver info: org.openqa.selenium.firefox.FirefoxDriver
Capabilities {acceptInsecureCerts: true, browserName: firefox, browserVersion: 123.0, javascriptEnabled: true, moz:accessibilityChecks: false, moz:buildID: 20240213221259, moz:geckodriverVersion: 0.33.0, moz:headless: false, moz:platformVersion: 10.0, moz:processID: 13640, moz:profile: C:\Users\zaman\AppData\Loca..., moz:shutdownTimeout: 60000, moz:webdriverClick: true, moz:windowless: false, pageLoadStrategy: normal, platform: WINDOWS, platformName: WINDOWS, proxy: Proxy(), setWindowRect: true, strictFileInteractability: false, timeouts: {implicit: 0, pageLoad: 300000, script: 30000}, unhandledPromptBehavior: dismiss and notify}
Session ID: 91ec4461-894f-4785-949a-64b323897537
*** Element info: {Using=xpath, value=//div[@id='receipt']}]]>
            </message>
            <full-stacktrace>
              <![CDATA[org.openqa.selenium.NoSuchElementException: Unable to locate element: //div[@id='receipt']
For documentation on this error, please visit: https://www.seleniumhq.org/exceptions/no_such_element.html
Build info: version: '3.141.59', revision: 'e82be7d358', time: '2018-11-14T08:17:03'
System info: host: 'KHOSRUZ', ip: '192.168.0.26', os.name: 'Windows 11', os.arch: 'amd64', os.version: '10.0', java.version: '17.0.8'
Driver info: org.openqa.selenium.firefox.FirefoxDriver
Capabilities {acceptInsecureCerts: true, browserName: firefox, browserVersion: 123.0, javascriptEnabled: true, moz:accessibilityChecks: false, moz:buildID: 20240213221259, moz:geckodriverVersion: 0.33.0, moz:headless: false, moz:platformVersion: 10.0, moz:processID: 13640, moz:profile: C:\Users\zaman\AppData\Loca..., moz:shutdownTimeout: 60000, moz:webdriverClick: true, moz:windowless: false, pageLoadStrategy: normal, platform: WINDOWS, platformName: WINDOWS, proxy: Proxy(), setWindowRect: true, strictFileInteractability: false, timeouts: {implicit: 0, pageLoad: 300000, script: 30000}, unhandledPromptBehavior: dismiss and notify}
Session ID: 91ec4461-894f-4785-949a-64b323897537
*** Element info: {Using=xpath, value=//div[@id='receipt']}
at java.base/jdk.internal.reflect.NativeConstructorAccessorImpl.newInstance0(Native Method)
at java.base/jdk.internal.reflect.NativeConstructorAccessorImpl.newInstance(NativeConstructorAccessorImpl.java:77)
at java.base/jdk.internal.reflect.DelegatingConstructorAccessorImpl.newInstance(DelegatingConstructorAccessorImpl.java:45)
at java.base/java.lang.reflect.Constructor.newInstanceWithCaller(Constructor.java:499)
at java.base/java.lang.reflect.Constructor.newInstance(Constructor.java:480)
at org.openqa.selenium.remote.http.W3CHttpResponseCodec.createException(W3CHttpResponseCodec.java:187)
at org.openqa.selenium.remote.http.W3CHttpResponseCodec.decode(W3CHttpResponseCodec.java:122)
at org.openqa.selenium.remote.http.W3CHttpResponseCodec.decode(W3CHttpResponseCodec.java:49)
at org.openqa.selenium.remote.HttpCommandExecutor.execute(HttpCommandExecutor.java:158)
at org.openqa.selenium.remote.service.DriverCommandExecutor.execute(DriverCommandExecutor.java:83)
at org.openqa.selenium.remote.RemoteWebDriver.execute(RemoteWebDriver.java:552)
at org.openqa.selenium.remote.RemoteWebDriver.findElement(RemoteWebDriver.java:323)
at org.openqa.selenium.remote.RemoteWebDriver.findElementByXPath(RemoteWebDriver.java:428)
at org.openqa.selenium.By$ByXPath.findElement(By.java:353)
at org.openqa.selenium.remote.RemoteWebDriver.findElement(RemoteWebDriver.java:315)
at org.openqa.selenium.support.pagefactory.DefaultElementLocator.findElement(DefaultElementLocator.java:69)
at org.openqa.selenium.support.pagefactory.internal.LocatingElementHandler.invoke(LocatingElementHandler.java:38)
at jdk.proxy2/jdk.proxy2.$Proxy19.getText(Unknown Source)
at com.Pages.DeshBoardOrder.fullReceiptDisplay(DeshBoardOrder.java:177)
at com.Tests.DeshBoardOrderTest.shippingAddress(DeshBoardOrderTest.java:124)
at java.base/jdk.internal.reflect.NativeMethodAccessorImpl.invoke0(Native Method)
at java.base/jdk.internal.reflect.NativeMethodAccessorImpl.invoke(NativeMethodAccessorImpl.java:77)
at java.base/jdk.internal.reflect.DelegatingMethodAccessorImpl.invoke(DelegatingMethodAccessorImpl.java:43)
at java.base/java.lang.reflect.Method.invoke(Method.java:568)
at org.testng.internal.invokers.MethodInvocationHelper.invokeMethod(MethodInvocationHelper.java:139)
at org.testng.internal.invokers.TestInvoker.invokeMethod(TestInvoker.java:664)
at org.testng.internal.invokers.TestInvoker.invokeTestMethod(TestInvoker.java:227)
at org.testng.internal.invokers.MethodRunner.runInSequence(MethodRunner.java:50)
at org.testng.internal.invokers.TestInvoker$MethodInvocationAgent.invoke(TestInvoker.java:957)
at org.testng.internal.invokers.TestInvoker.invokeTestMethods(TestInvoker.java:200)
at org.testng.internal.invokers.TestMethodWorker.invokeTestMethods(TestMethodWorker.java:148)
at org.testng.internal.invokers.TestMethodWorker.run(TestMethodWorker.java:128)
at java.base/java.util.concurrent.ThreadPoolExecutor.runWorker(ThreadPoolExecutor.java:1136)
at java.base/java.util.concurrent.ThreadPoolExecutor$Worker.run(ThreadPoolExecutor.java:635)
at java.base/java.lang.Thread.run(Thread.java:833)
]]>
            </full-stacktrace>
          </exception> <!-- org.openqa.selenium.NoSuchElementException -->
          <reporter-output>
          </reporter-output>
        </test-method> <!-- shippingAddress -->
        <test-method is-config="true" signature="tearDown()[pri:0, instance:com.Tests.DeshBoardOrderTest@108a46d6]" started-at="2024-02-28T14:41:52 EST" name="tearDown" finished-at="2024-02-28T14:41:53 EST" duration-ms="800" status="PASS">
          <reporter-output>
          </reporter-output>
        </test-method> <!-- tearDown -->
        <test-method is-config="true" signature="tearUp()[pri:0, instance:com.Tests.DeshBoardOrderTest@108a46d6]" started-at="2024-02-28T14:41:53 EST" name="tearUp" finished-at="2024-02-28T14:41:58 EST" duration-ms="4785" status="PASS">
          <reporter-output>
          </reporter-output>
        </test-method> <!-- tearUp -->
        <test-method signature="shippingAddress(java.lang.String)[pri:6, instance:com.Tests.DeshBoardOrderTest@108a46d6]" started-at="2024-02-28T14:41:58 EST" name="shippingAddress" data-provider="getNewData" finished-at="2024-02-28T14:41:59 EST" duration-ms="1928" status="PASS">
          <params>
            <param index="0">
              <value>
                <![CDATA[508 winfield Ave, Upper darby, PA, 19082]]>
              </value>
            </param>
          </params>
          <reporter-output>
          </reporter-output>
        </test-method> <!-- shippingAddress -->
        <test-method is-config="true" signature="tearDown()[pri:0, instance:com.Tests.DeshBoardOrderTest@108a46d6]" started-at="2024-02-28T14:42:00 EST" name="tearDown" finished-at="2024-02-28T14:42:00 EST" duration-ms="895" status="PASS">
          <reporter-output>
          </reporter-output>
        </test-method> <!-- tearDown -->
      </class> <!-- com.Tests.DeshBoardOrderTest -->
    </test> <!-- Desh Board Order Test -->
  </suite> <!-- Robotic Applicaion Automated Tess -->
</testng-results>
